# JRE version: OpenJDK Runtime Environment (7.0_151-b01) (build 1.7.0_151-b01)
# Java VM: OpenJDK 64-Bit Server VM (24.151-b01 mixed mode linux-amd64 compressed oops)
Heap
 PSYoungGen      total 123904K, used 221K [0x00000007d8000000, 0x00000007dfa00000, 0x0000000800000000)
  eden space 122880K, 0% used [0x00000007d8000000,0x00000007d8000000,0x00000007df800000)
  from space 1024K, 21% used [0x00000007df800000,0x00000007df837538,0x00000007df900000)
  to   space 1024K, 0% used [0x00000007df900000,0x00000007df900000,0x00000007dfa00000)
 ParOldGen       total 81920K, used 548K [0x0000000788000000, 0x000000078d000000, 0x00000007d8000000)
  object space 81920K, 0% used [0x0000000788000000,0x00000007880890b0,0x000000078d000000)
 PSPermGen       total 21504K, used 3852K [0x000000077da00000, 0x000000077ef00000, 0x0000000788000000)
  object space 21504K, 17% used [0x000000077da00000,0x000000077ddc3290,0x000000077ef00000)
GC Heap History (10 events):
Event: 0.214 GC heap after
Heap after GC invocations=2 (full 0):
 PSYoungGen      total 35840K, used 612K [0x00000007d8000000, 0x00000007dc600000, 0x0000000800000000)
  eden space 30720K, 0% used [0x00000007d8000000,0x00000007d8000000,0x00000007d9e00000)
  from space 5120K, 11% used [0x00000007da300000,0x00000007da3992b8,0x00000007da800000)
  to   space 5120K, 0% used [0x00000007d9e00000,0x00000007d9e00000,0x00000007da300000)
 ParOldGen       total 81920K, used 16K [0x0000000788000000, 0x000000078d000000, 0x00000007d8000000)
  object space 81920K, 0% used [0x0000000788000000,0x0000000788004000,0x000000078d000000)
 PSPermGen       total 21504K, used 3852K [0x000000077da00000, 0x000000077ef00000, 0x0000000788000000)
  object space 21504K, 17% used [0x000000077da00000,0x000000077ddc3060,0x000000077ef00000)
}
Event: 0.220 GC heap before
{Heap before GC invocations=3 (full 0):
 PSYoungGen      total 35840K, used 31307K [0x00000007d8000000, 0x00000007dc600000, 0x0000000800000000)
  eden space 30720K, 99% used [0x00000007d8000000,0x00000007d9df9b20,0x00000007d9e00000)
  from space 5120K, 11% used [0x00000007da300000,0x00000007da3992b8,0x00000007da800000)
  to   space 5120K, 0% used [0x00000007d9e00000,0x00000007d9e00000,0x00000007da300000)
 ParOldGen       total 81920K, used 16K [0x0000000788000000, 0x000000078d000000, 0x00000007d8000000)
  object space 81920K, 0% used [0x0000000788000000,0x0000000788004000,0x000000078d000000)
 PSPermGen       total 21504K, used 3852K [0x000000077da00000, 0x000000077ef00000, 0x0000000788000000)
  object space 21504K, 17% used [0x000000077da00000,0x000000077ddc3290,0x000000077ef00000)
Event: 0.221 GC heap after
Heap after GC invocations=3 (full 0):
 PSYoungGen      total 35840K, used 633K [0x00000007d8000000, 0x00000007dc600000, 0x0000000800000000)
  eden space 30720K, 0% used [0x00000007d8000000,0x00000007d8000000,0x00000007d9e00000)
  from space 5120K, 12% used [0x00000007d9e00000,0x00000007d9e9e728,0x00000007da300000)
  to   space 5120K, 0% used [0x00000007dc100000,0x00000007dc100000,0x00000007dc600000)
 ParOldGen       total 81920K, used 16K [0x0000000788000000, 0x000000078d000000, 0x00000007d8000000)
  object space 81920K, 0% used [0x0000000788000000,0x0000000788004000,0x000000078d000000)
 PSPermGen       total 21504K, used 3852K [0x000000077da00000, 0x000000077ef00000, 0x0000000788000000)
  object space 21504K, 17% used [0x000000077da00000,0x000000077ddc3290,0x000000077ef00000)
}
Event: 0.226 GC heap before
{Heap before GC invocations=4 (full 0):
 PSYoungGen      total 35840K, used 31343K [0x00000007d8000000, 0x00000007dc600000, 0x0000000800000000)
  eden space 30720K, 99% used [0x00000007d8000000,0x00000007d9dfd6c8,0x00000007d9e00000)
  from space 5120K, 12% used [0x00000007d9e00000,0x00000007d9e9e728,0x00000007da300000)
  to   space 5120K, 0% used [0x00000007dc100000,0x00000007dc100000,0x00000007dc600000)
 ParOldGen       total 81920K, used 16K [0x0000000788000000, 0x000000078d000000, 0x00000007d8000000)
  object space 81920K, 0% used [0x0000000788000000,0x0000000788004000,0x000000078d000000)
 PSPermGen       total 21504K, used 3852K [0x000000077da00000, 0x000000077ef00000, 0x0000000788000000)
  object space 21504K, 17% used [0x000000077da00000,0x000000077ddc3290,0x000000077ef00000)
Event: 0.229 GC heap after
Heap after GC invocations=4 (full 0):
 PSYoungGen      total 66560K, used 699K [0x00000007d8000000, 0x00000007dc600000, 0x0000000800000000)
  eden space 61440K, 0% used [0x00000007d8000000,0x00000007d8000000,0x00000007dbc00000)
  from space 5120K, 13% used [0x00000007dc100000,0x00000007dc1aef70,0x00000007dc600000)
  to   space 5120K, 0% used [0x00000007dbc00000,0x00000007dbc00000,0x00000007dc100000)
 ParOldGen       total 81920K, used 16K [0x0000000788000000, 0x000000078d000000, 0x00000007d8000000)
  object space 81920K, 0% used [0x0000000788000000,0x0000000788004000,0x000000078d000000)
 PSPermGen       total 21504K, used 3852K [0x000000077da00000, 0x000000077ef00000, 0x0000000788000000)
  object space 21504K, 17% used [0x000000077da00000,0x000000077ddc3290,0x000000077ef00000)
}
Event: 0.250 GC heap before
{Heap before GC invocations=5 (full 0):
 PSYoungGen      total 66560K, used 62139K [0x00000007d8000000, 0x00000007dc600000, 0x0000000800000000)
  eden space 61440K, 100% used [0x00000007d8000000,0x00000007dbc00000,0x00000007dbc00000)
  from space 5120K, 13% used [0x00000007dc100000,0x00000007dc1aef70,0x00000007dc600000)
  to   space 5120K, 0% used [0x00000007dbc00000,0x00000007dbc00000,0x00000007dc100000)
 ParOldGen       total 81920K, used 16K [0x0000000788000000, 0x000000078d000000, 0x00000007d8000000)
  object space 81920K, 0% used [0x0000000788000000,0x0000000788004000,0x000000078d000000)
 PSPermGen       total 21504K, used 3852K [0x000000077da00000, 0x000000077ef00000, 0x0000000788000000)
  object space 21504K, 17% used [0x000000077da00000,0x000000077ddc3290,0x000000077ef00000)
Event: 0.252 GC heap after
Heap after GC invocations=5 (full 0):
 PSYoungGen      total 66560K, used 681K [0x00000007d8000000, 0x00000007dfa00000, 0x0000000800000000)
  eden space 61440K, 0% used [0x00000007d8000000,0x00000007d8000000,0x00000007dbc00000)
  from space 5120K, 13% used [0x00000007dbc00000,0x00000007dbcaa7f0,0x00000007dc100000)
  to   space 1024K, 0% used [0x00000007df900000,0x00000007df900000,0x00000007dfa00000)
 ParOldGen       total 81920K, used 16K [0x0000000788000000, 0x000000078d000000, 0x00000007d8000000)
  object space 81920K, 0% used [0x0000000788000000,0x0000000788004000,0x000000078d000000)
 PSPermGen       total 21504K, used 3852K [0x000000077da00000, 0x000000077ef00000, 0x0000000788000000)
  object space 21504K, 17% used [0x000000077da00000,0x000000077ddc3290,0x000000077ef00000)
}
Event: 0.260 GC heap before
{Heap before GC invocations=6 (full 0):
 PSYoungGen      total 66560K, used 62050K [0x00000007d8000000, 0x00000007dfa00000, 0x0000000800000000)
  eden space 61440K, 99% used [0x00000007d8000000,0x00000007dbbee068,0x00000007dbc00000)
  from space 5120K, 13% used [0x00000007dbc00000,0x00000007dbcaa7f0,0x00000007dc100000)
  to   space 1024K, 0% used [0x00000007df900000,0x00000007df900000,0x00000007dfa00000)
 ParOldGen       total 81920K, used 16K [0x0000000788000000, 0x000000078d000000, 0x00000007d8000000)
  object space 81920K, 0% used [0x0000000788000000,0x0000000788004000,0x000000078d000000)
 PSPermGen       total 21504K, used 3852K [0x000000077da00000, 0x000000077ef00000, 0x0000000788000000)
  object space 21504K, 17% used [0x000000077da00000,0x000000077ddc3290,0x000000077ef00000)
Event: 0.261 GC heap after
Heap after GC invocations=6 (full 0):
 PSYoungGen      total 123904K, used 645K [0x00000007d8000000, 0x00000007dfa00000, 0x0000000800000000)
  eden space 122880K, 0% used [0x00000007d8000000,0x00000007d8000000,0x00000007df800000)
  from space 1024K, 63% used [0x00000007df900000,0x00000007df9a1650,0x00000007dfa00000)
  to   space 1024K, 0% used [0x00000007df800000,0x00000007df800000,0x00000007df900000)
 ParOldGen       total 81920K, used 16K [0x0000000788000000, 0x000000078d000000, 0x00000007d8000000)
  object space 81920K, 0% used [0x0000000788000000,0x0000000788004000,0x000000078d000000)
 PSPermGen       total 21504K, used 3852K [0x000000077da00000, 0x000000077ef00000, 0x0000000788000000)
  object space 21504K, 17% used [0x000000077da00000,0x000000077ddc3290,0x000000077ef00000)
}
Event: 0.316 GC heap before
{Heap before GC invocations=7 (full 0):
 PSYoungGen      total 123904K, used 123496K [0x00000007d8000000, 0x00000007dfa00000, 0x0000000800000000)
  eden space 122880K, 99% used [0x00000007d8000000,0x00000007df7f8c10,0x00000007df800000)
  from space 1024K, 63% used [0x00000007df900000,0x00000007df9a1650,0x00000007dfa00000)
  to   space 1024K, 0% used [0x00000007df800000,0x00000007df800000,0x00000007df900000)
 ParOldGen       total 81920K, used 16K [0x0000000788000000, 0x000000078d000000, 0x00000007d8000000)
  object space 81920K, 0% used [0x0000000788000000,0x0000000788004000,0x000000078d000000)
 PSPermGen       total 21504K, used 3852K [0x000000077da00000, 0x000000077ef00000, 0x0000000788000000)
  object space 21504K, 17% used [0x000000077da00000,0x000000077ddc3290,0x000000077ef00000)

